2019-02-25 16:02:33.384  INFO 7668 --- [main] com.lxl.spring.demo.DemoApplication      : Starting DemoApplication on JRA17B9D65F070 with PID 7668 (D:\StudyWorkPlace\spring-boot-demon\target\classes started by leixulong5 in D:\StudyWorkPlace\spring-boot-demon)
2019-02-25 16:02:33.419  INFO 7668 --- [main] com.lxl.spring.demo.DemoApplication      : No active profile set, falling back to default profiles: default
2019-02-25 16:02:34.299 ERROR 7668 --- [main] o.s.boot.SpringApplication               : Application run failed

java.lang.IllegalArgumentException: Sources must not be empty
	at org.springframework.util.Assert.notEmpty(Assert.java:464) ~[spring-core-5.1.5.RELEASE.jar:5.1.5.RELEASE]
	at org.springframework.boot.SpringApplication.prepareContext(SpringApplication.java:391) ~[spring-boot-2.1.3.RELEASE.jar:2.1.3.RELEASE]
	at org.springframework.boot.SpringApplication.run(SpringApplication.java:314) ~[spring-boot-2.1.3.RELEASE.jar:2.1.3.RELEASE]
	at com.lxl.spring.demo.DemoApplication.main(DemoApplication.java:12) [classes/:na]

2019-02-25 16:03:20.346  INFO 15220 --- [main] com.lxl.spring.demo.DemoApplication      : Starting DemoApplication on JRA17B9D65F070 with PID 15220 (D:\StudyWorkPlace\spring-boot-demon\target\classes started by leixulong5 in D:\StudyWorkPlace\spring-boot-demon)
2019-02-25 16:03:20.351  INFO 15220 --- [main] com.lxl.spring.demo.DemoApplication      : No active profile set, falling back to default profiles: default
2019-02-25 16:03:24.004  INFO 15220 --- [main] o.s.b.w.embedded.tomcat.TomcatWebServer  : Tomcat initialized with port(s): 8888 (http)
2019-02-25 16:03:24.082  INFO 15220 --- [main] o.apache.catalina.core.StandardService   : Starting service [Tomcat]
2019-02-25 16:03:24.083  INFO 15220 --- [main] org.apache.catalina.core.StandardEngine  : Starting Servlet engine: [Apache Tomcat/9.0.16]
2019-02-25 16:03:24.127  INFO 15220 --- [main] o.a.catalina.core.AprLifecycleListener   : The APR based Apache Tomcat Native library which allows optimal performance in production environments was not found on the java.library.path: [D:\Program Files\Java\jdk1.8.0_161\bin;C:\windows\Sun\Java\bin;C:\windows\system32;C:\windows;C:\Program Files (x86)\NetSarang\Xshell 6\;C:\ProgramData\Oracle\Java\javapath;C:\Program Files (x86)\Intel\iCLS Client\;C:\Program Files\Intel\iCLS Client\;C:\windows\system32;C:\windows;C:\windows\System32\Wbem;C:\windows\System32\WindowsPowerShell\v1.0\;C:\Program Files (x86)\AMD\ATI.ACE\Core-Static;C:\Program Files\Intel\WiFi\bin\;C:\Program Files\Common Files\Intel\WirelessCommon\;C:\Program Files (x86)\Intel\Intel(R) Management Engine Components\DAL;C:\Program Files\Intel\Intel(R) Management Engine Components\DAL;C:\Program Files (x86)\Intel\Intel(R) Management Engine Components\IPT;C:\Program Files\Intel\Intel(R) Management Engine Components\IPT;C:\Program Files\TortoiseSVN\bin;D:\Program Files\Git\cmd;D:\Program Files\Java\jdk1.6.0_45\bin;D:\Program Files\Java\jdk1.6.0_45\jre\bin;D:\Program Files\SlikSvn\bin;D:\Program Files\nodejs\;C:\ProgramData\Oracle\Java\javapath;C:\Program Files (x86)\Intel\iCLS Client\;C:\Program Files\Intel\iCLS Client\;C:\windows\system32;C:\windows;C:\windows\System32\Wbem;C:\windows\System32\WindowsPowerShell\v1.0\;C:\Program Files (x86)\AMD\ATI.ACE\Core-Static;C:\Program Files\Intel\WiFi\bin\;C:\Program Files\Common Files\Intel\WirelessCommon\;C:\Program Files (x86)\Intel\Intel(R) Management Engine Components\DAL;C:\Program Files\Intel\Intel(R) Management Engine Components\DAL;C:\Program Files (x86)\Intel\Intel(R) Management Engine Components\IPT;C:\Program Files\Intel\Intel(R) Management Engine Components\IPT;C:\Program Files\TortoiseSVN\bin;D:\Program Files\Git\cmd;D:\Program Files\Java\jdk1.6.0_45\bin;D:\Program Files\Java\jdk1.6.0_45\jre\bin;D:\Program Files\SlikSvn\bin;D:\Program Files\nodejs\;D:\Program Files\Python\Python36-32\Scripts\;D:\Program Files\Python\Python36-32\;C:\Users\leixulong5\AppData\Roaming\npm;D:\Program Files\apache-maven-3.2.5\bin;.]
2019-02-25 16:03:24.334  INFO 15220 --- [main] o.a.c.c.C.[Tomcat].[localhost].[/]       : Initializing Spring embedded WebApplicationContext
2019-02-25 16:03:24.334  INFO 15220 --- [main] o.s.web.context.ContextLoader            : Root WebApplicationContext: initialization completed in 3488 ms
2019-02-25 16:03:24.961  INFO 15220 --- [main] o.s.s.concurrent.ThreadPoolTaskExecutor  : Initializing ExecutorService 'applicationTaskExecutor'
2019-02-25 16:03:25.483  INFO 15220 --- [main] o.s.b.w.embedded.tomcat.TomcatWebServer  : Tomcat started on port(s): 8888 (http) with context path ''
2019-02-25 16:03:25.491  INFO 15220 --- [main] com.lxl.spring.demo.DemoApplication      : Started DemoApplication in 6.498 seconds (JVM running for 8.488)
2019-02-25 16:05:04.496  INFO 15220 --- [http-nio-8888-exec-2] o.a.c.c.C.[Tomcat].[localhost].[/]       : Initializing Spring DispatcherServlet 'dispatcherServlet'
2019-02-25 16:05:04.498  INFO 15220 --- [http-nio-8888-exec-2] o.s.web.servlet.DispatcherServlet        : Initializing Servlet 'dispatcherServlet'
2019-02-25 16:05:04.593  INFO 15220 --- [http-nio-8888-exec-2] o.s.web.servlet.DispatcherServlet        : Completed initialization in 94 ms
2019-02-25 16:12:06.116  INFO 1072 --- [main] com.lxl.spring.demo.DemoApplication      : Starting DemoApplication on JRA17B9D65F070 with PID 1072 (D:\StudyWorkPlace\spring-boot-demon\target\classes started by leixulong5 in D:\StudyWorkPlace\spring-boot-demon)
2019-02-25 16:12:06.134  INFO 1072 --- [main] com.lxl.spring.demo.DemoApplication      : No active profile set, falling back to default profiles: default
2019-02-25 16:12:08.854  INFO 1072 --- [main] o.s.b.w.embedded.tomcat.TomcatWebServer  : Tomcat initialized with port(s): 8888 (http)
2019-02-25 16:12:08.906  INFO 1072 --- [main] o.apache.catalina.core.StandardService   : Starting service [Tomcat]
2019-02-25 16:12:08.907  INFO 1072 --- [main] org.apache.catalina.core.StandardEngine  : Starting Servlet engine: [Apache Tomcat/9.0.16]
2019-02-25 16:12:08.922  INFO 1072 --- [main] o.a.catalina.core.AprLifecycleListener   : The APR based Apache Tomcat Native library which allows optimal performance in production environments was not found on the java.library.path: [D:\Program Files\Java\jdk1.8.0_161\bin;C:\windows\Sun\Java\bin;C:\windows\system32;C:\windows;C:\Program Files (x86)\NetSarang\Xshell 6\;C:\ProgramData\Oracle\Java\javapath;C:\Program Files (x86)\Intel\iCLS Client\;C:\Program Files\Intel\iCLS Client\;C:\windows\system32;C:\windows;C:\windows\System32\Wbem;C:\windows\System32\WindowsPowerShell\v1.0\;C:\Program Files (x86)\AMD\ATI.ACE\Core-Static;C:\Program Files\Intel\WiFi\bin\;C:\Program Files\Common Files\Intel\WirelessCommon\;C:\Program Files (x86)\Intel\Intel(R) Management Engine Components\DAL;C:\Program Files\Intel\Intel(R) Management Engine Components\DAL;C:\Program Files (x86)\Intel\Intel(R) Management Engine Components\IPT;C:\Program Files\Intel\Intel(R) Management Engine Components\IPT;C:\Program Files\TortoiseSVN\bin;D:\Program Files\Git\cmd;D:\Program Files\Java\jdk1.6.0_45\bin;D:\Program Files\Java\jdk1.6.0_45\jre\bin;D:\Program Files\SlikSvn\bin;D:\Program Files\nodejs\;C:\ProgramData\Oracle\Java\javapath;C:\Program Files (x86)\Intel\iCLS Client\;C:\Program Files\Intel\iCLS Client\;C:\windows\system32;C:\windows;C:\windows\System32\Wbem;C:\windows\System32\WindowsPowerShell\v1.0\;C:\Program Files (x86)\AMD\ATI.ACE\Core-Static;C:\Program Files\Intel\WiFi\bin\;C:\Program Files\Common Files\Intel\WirelessCommon\;C:\Program Files (x86)\Intel\Intel(R) Management Engine Components\DAL;C:\Program Files\Intel\Intel(R) Management Engine Components\DAL;C:\Program Files (x86)\Intel\Intel(R) Management Engine Components\IPT;C:\Program Files\Intel\Intel(R) Management Engine Components\IPT;C:\Program Files\TortoiseSVN\bin;D:\Program Files\Git\cmd;D:\Program Files\Java\jdk1.6.0_45\bin;D:\Program Files\Java\jdk1.6.0_45\jre\bin;D:\Program Files\SlikSvn\bin;D:\Program Files\nodejs\;D:\Program Files\Python\Python36-32\Scripts\;D:\Program Files\Python\Python36-32\;C:\Users\leixulong5\AppData\Roaming\npm;D:\Program Files\apache-maven-3.2.5\bin;.]
2019-02-25 16:12:09.176  INFO 1072 --- [main] o.a.c.c.C.[Tomcat].[localhost].[/]       : Initializing Spring embedded WebApplicationContext
2019-02-25 16:12:09.177  INFO 1072 --- [main] o.s.web.context.ContextLoader            : Root WebApplicationContext: initialization completed in 2933 ms
2019-02-25 16:12:09.702  INFO 1072 --- [main] o.s.s.concurrent.ThreadPoolTaskExecutor  : Initializing ExecutorService 'applicationTaskExecutor'
2019-02-25 16:12:10.139  INFO 1072 --- [main] o.s.b.w.embedded.tomcat.TomcatWebServer  : Tomcat started on port(s): 8888 (http) with context path ''
2019-02-25 16:12:10.146  INFO 1072 --- [main] com.lxl.spring.demo.DemoApplication      : Started DemoApplication in 5.342 seconds (JVM running for 7.393)
2019-02-25 16:12:24.704  INFO 1072 --- [http-nio-8888-exec-1] o.a.c.c.C.[Tomcat].[localhost].[/]       : Initializing Spring DispatcherServlet 'dispatcherServlet'
2019-02-25 16:12:24.705  INFO 1072 --- [http-nio-8888-exec-1] o.s.web.servlet.DispatcherServlet        : Initializing Servlet 'dispatcherServlet'
2019-02-25 16:12:24.719  INFO 1072 --- [http-nio-8888-exec-1] o.s.web.servlet.DispatcherServlet        : Completed initialization in 13 ms
2019-02-25 16:20:29.255  INFO 13712 --- [main] com.lxl.spring.demo.DemoApplication      : Starting DemoApplication on JRA17B9D65F070 with PID 13712 (D:\StudyWorkPlace\spring-boot-demon\target\classes started by leixulong5 in D:\StudyWorkPlace\spring-boot-demon)
2019-02-25 16:20:29.261  INFO 13712 --- [main] com.lxl.spring.demo.DemoApplication      : No active profile set, falling back to default profiles: default
2019-02-25 16:20:31.905  INFO 13712 --- [main] o.s.b.w.embedded.tomcat.TomcatWebServer  : Tomcat initialized with port(s): 8888 (http)
2019-02-25 16:20:31.955  INFO 13712 --- [main] o.apache.catalina.core.StandardService   : Starting service [Tomcat]
2019-02-25 16:20:31.956  INFO 13712 --- [main] org.apache.catalina.core.StandardEngine  : Starting Servlet engine: [Apache Tomcat/9.0.16]
2019-02-25 16:20:31.971  INFO 13712 --- [main] o.a.catalina.core.AprLifecycleListener   : The APR based Apache Tomcat Native library which allows optimal performance in production environments was not found on the java.library.path: [D:\Program Files\Java\jdk1.8.0_161\bin;C:\windows\Sun\Java\bin;C:\windows\system32;C:\windows;C:\Program Files (x86)\NetSarang\Xshell 6\;C:\ProgramData\Oracle\Java\javapath;C:\Program Files (x86)\Intel\iCLS Client\;C:\Program Files\Intel\iCLS Client\;C:\windows\system32;C:\windows;C:\windows\System32\Wbem;C:\windows\System32\WindowsPowerShell\v1.0\;C:\Program Files (x86)\AMD\ATI.ACE\Core-Static;C:\Program Files\Intel\WiFi\bin\;C:\Program Files\Common Files\Intel\WirelessCommon\;C:\Program Files (x86)\Intel\Intel(R) Management Engine Components\DAL;C:\Program Files\Intel\Intel(R) Management Engine Components\DAL;C:\Program Files (x86)\Intel\Intel(R) Management Engine Components\IPT;C:\Program Files\Intel\Intel(R) Management Engine Components\IPT;C:\Program Files\TortoiseSVN\bin;D:\Program Files\Git\cmd;D:\Program Files\Java\jdk1.6.0_45\bin;D:\Program Files\Java\jdk1.6.0_45\jre\bin;D:\Program Files\SlikSvn\bin;D:\Program Files\nodejs\;C:\ProgramData\Oracle\Java\javapath;C:\Program Files (x86)\Intel\iCLS Client\;C:\Program Files\Intel\iCLS Client\;C:\windows\system32;C:\windows;C:\windows\System32\Wbem;C:\windows\System32\WindowsPowerShell\v1.0\;C:\Program Files (x86)\AMD\ATI.ACE\Core-Static;C:\Program Files\Intel\WiFi\bin\;C:\Program Files\Common Files\Intel\WirelessCommon\;C:\Program Files (x86)\Intel\Intel(R) Management Engine Components\DAL;C:\Program Files\Intel\Intel(R) Management Engine Components\DAL;C:\Program Files (x86)\Intel\Intel(R) Management Engine Components\IPT;C:\Program Files\Intel\Intel(R) Management Engine Components\IPT;C:\Program Files\TortoiseSVN\bin;D:\Program Files\Git\cmd;D:\Program Files\Java\jdk1.6.0_45\bin;D:\Program Files\Java\jdk1.6.0_45\jre\bin;D:\Program Files\SlikSvn\bin;D:\Program Files\nodejs\;D:\Program Files\Python\Python36-32\Scripts\;D:\Program Files\Python\Python36-32\;C:\Users\leixulong5\AppData\Roaming\npm;D:\Program Files\apache-maven-3.2.5\bin;.]
2019-02-25 16:20:32.156  INFO 13712 --- [main] o.a.c.c.C.[Tomcat].[localhost].[/]       : Initializing Spring embedded WebApplicationContext
2019-02-25 16:20:32.158  INFO 13712 --- [main] o.s.web.context.ContextLoader            : Root WebApplicationContext: initialization completed in 2761 ms
2019-02-25 16:20:32.630  INFO 13712 --- [main] o.s.s.concurrent.ThreadPoolTaskExecutor  : Initializing ExecutorService 'applicationTaskExecutor'
2019-02-25 16:20:33.094  INFO 13712 --- [main] o.s.b.w.embedded.tomcat.TomcatWebServer  : Tomcat started on port(s): 8888 (http) with context path ''
2019-02-25 16:20:33.102  INFO 13712 --- [main] com.lxl.spring.demo.DemoApplication      : Started DemoApplication in 5.063 seconds (JVM running for 7.032)
2019-02-25 16:21:21.276  INFO 13712 --- [http-nio-8888-exec-1] o.a.c.c.C.[Tomcat].[localhost].[/]       : Initializing Spring DispatcherServlet 'dispatcherServlet'
2019-02-25 16:21:21.276  INFO 13712 --- [http-nio-8888-exec-1] o.s.web.servlet.DispatcherServlet        : Initializing Servlet 'dispatcherServlet'
2019-02-25 16:21:21.289  INFO 13712 --- [http-nio-8888-exec-1] o.s.web.servlet.DispatcherServlet        : Completed initialization in 13 ms
2019-02-25 16:33:46.371  INFO 6508 --- [main] com.lxl.spring.demo.DemoApplication      : Starting DemoApplication on JRA17B9D65F070 with PID 6508 (D:\StudyWorkPlace\spring-boot-demon\target\classes started by leixulong5 in D:\StudyWorkPlace\spring-boot-demon)
2019-02-25 16:33:46.377  INFO 6508 --- [main] com.lxl.spring.demo.DemoApplication      : No active profile set, falling back to default profiles: default
2019-02-25 16:33:48.792  INFO 6508 --- [main] o.s.b.w.embedded.tomcat.TomcatWebServer  : Tomcat initialized with port(s): 8888 (http)
2019-02-25 16:33:48.839  INFO 6508 --- [main] o.apache.catalina.core.StandardService   : Starting service [Tomcat]
2019-02-25 16:33:48.839  INFO 6508 --- [main] org.apache.catalina.core.StandardEngine  : Starting Servlet engine: [Apache Tomcat/9.0.16]
2019-02-25 16:33:48.857  INFO 6508 --- [main] o.a.catalina.core.AprLifecycleListener   : The APR based Apache Tomcat Native library which allows optimal performance in production environments was not found on the java.library.path: [D:\Program Files\Java\jdk1.8.0_161\bin;C:\windows\Sun\Java\bin;C:\windows\system32;C:\windows;C:\Program Files (x86)\NetSarang\Xshell 6\;C:\ProgramData\Oracle\Java\javapath;C:\Program Files (x86)\Intel\iCLS Client\;C:\Program Files\Intel\iCLS Client\;C:\windows\system32;C:\windows;C:\windows\System32\Wbem;C:\windows\System32\WindowsPowerShell\v1.0\;C:\Program Files (x86)\AMD\ATI.ACE\Core-Static;C:\Program Files\Intel\WiFi\bin\;C:\Program Files\Common Files\Intel\WirelessCommon\;C:\Program Files (x86)\Intel\Intel(R) Management Engine Components\DAL;C:\Program Files\Intel\Intel(R) Management Engine Components\DAL;C:\Program Files (x86)\Intel\Intel(R) Management Engine Components\IPT;C:\Program Files\Intel\Intel(R) Management Engine Components\IPT;C:\Program Files\TortoiseSVN\bin;D:\Program Files\Git\cmd;D:\Program Files\Java\jdk1.6.0_45\bin;D:\Program Files\Java\jdk1.6.0_45\jre\bin;D:\Program Files\SlikSvn\bin;D:\Program Files\nodejs\;C:\ProgramData\Oracle\Java\javapath;C:\Program Files (x86)\Intel\iCLS Client\;C:\Program Files\Intel\iCLS Client\;C:\windows\system32;C:\windows;C:\windows\System32\Wbem;C:\windows\System32\WindowsPowerShell\v1.0\;C:\Program Files (x86)\AMD\ATI.ACE\Core-Static;C:\Program Files\Intel\WiFi\bin\;C:\Program Files\Common Files\Intel\WirelessCommon\;C:\Program Files (x86)\Intel\Intel(R) Management Engine Components\DAL;C:\Program Files\Intel\Intel(R) Management Engine Components\DAL;C:\Program Files (x86)\Intel\Intel(R) Management Engine Components\IPT;C:\Program Files\Intel\Intel(R) Management Engine Components\IPT;C:\Program Files\TortoiseSVN\bin;D:\Program Files\Git\cmd;D:\Program Files\Java\jdk1.6.0_45\bin;D:\Program Files\Java\jdk1.6.0_45\jre\bin;D:\Program Files\SlikSvn\bin;D:\Program Files\nodejs\;D:\Program Files\Python\Python36-32\Scripts\;D:\Program Files\Python\Python36-32\;C:\Users\leixulong5\AppData\Roaming\npm;D:\Program Files\apache-maven-3.2.5\bin;.]
2019-02-25 16:33:49.038  INFO 6508 --- [main] o.a.c.c.C.[Tomcat].[localhost].[/]       : Initializing Spring embedded WebApplicationContext
2019-02-25 16:33:49.039  INFO 6508 --- [main] o.s.web.context.ContextLoader            : Root WebApplicationContext: initialization completed in 2566 ms
2019-02-25 16:33:49.585  INFO 6508 --- [main] o.s.s.concurrent.ThreadPoolTaskExecutor  : Initializing ExecutorService 'applicationTaskExecutor'
2019-02-25 16:33:49.779  INFO 6508 --- [main] o.s.b.a.w.s.WelcomePageHandlerMapping    : Adding welcome page: class path resource [static/index.html]
2019-02-25 16:33:50.242  INFO 6508 --- [main] o.s.b.w.embedded.tomcat.TomcatWebServer  : Tomcat started on port(s): 8888 (http) with context path ''
2019-02-25 16:33:50.249  INFO 6508 --- [main] com.lxl.spring.demo.DemoApplication      : Started DemoApplication in 5.06 seconds (JVM running for 7.474)
2019-02-25 16:35:14.115  INFO 6508 --- [http-nio-8888-exec-1] o.a.c.c.C.[Tomcat].[localhost].[/]       : Initializing Spring DispatcherServlet 'dispatcherServlet'
2019-02-25 16:35:14.116  INFO 6508 --- [http-nio-8888-exec-1] o.s.web.servlet.DispatcherServlet        : Initializing Servlet 'dispatcherServlet'
2019-02-25 16:35:14.133  INFO 6508 --- [http-nio-8888-exec-1] o.s.web.servlet.DispatcherServlet        : Completed initialization in 15 ms
2019-02-25 16:36:36.799  INFO 11660 --- [main] com.lxl.spring.demo.DemoApplication      : Starting DemoApplication on JRA17B9D65F070 with PID 11660 (D:\StudyWorkPlace\spring-boot-demon\target\classes started by leixulong5 in D:\StudyWorkPlace\spring-boot-demon)
2019-02-25 16:36:36.806  INFO 11660 --- [main] com.lxl.spring.demo.DemoApplication      : No active profile set, falling back to default profiles: default
2019-02-25 16:36:39.087  INFO 11660 --- [main] o.s.b.w.embedded.tomcat.TomcatWebServer  : Tomcat initialized with port(s): 8888 (http)
2019-02-25 16:36:39.131  INFO 11660 --- [main] o.apache.catalina.core.StandardService   : Starting service [Tomcat]
2019-02-25 16:36:39.132  INFO 11660 --- [main] org.apache.catalina.core.StandardEngine  : Starting Servlet engine: [Apache Tomcat/9.0.16]
2019-02-25 16:36:39.144  INFO 11660 --- [main] o.a.catalina.core.AprLifecycleListener   : The APR based Apache Tomcat Native library which allows optimal performance in production environments was not found on the java.library.path: [D:\Program Files\Java\jdk1.8.0_161\bin;C:\windows\Sun\Java\bin;C:\windows\system32;C:\windows;C:\Program Files (x86)\NetSarang\Xshell 6\;C:\ProgramData\Oracle\Java\javapath;C:\Program Files (x86)\Intel\iCLS Client\;C:\Program Files\Intel\iCLS Client\;C:\windows\system32;C:\windows;C:\windows\System32\Wbem;C:\windows\System32\WindowsPowerShell\v1.0\;C:\Program Files (x86)\AMD\ATI.ACE\Core-Static;C:\Program Files\Intel\WiFi\bin\;C:\Program Files\Common Files\Intel\WirelessCommon\;C:\Program Files (x86)\Intel\Intel(R) Management Engine Components\DAL;C:\Program Files\Intel\Intel(R) Management Engine Components\DAL;C:\Program Files (x86)\Intel\Intel(R) Management Engine Components\IPT;C:\Program Files\Intel\Intel(R) Management Engine Components\IPT;C:\Program Files\TortoiseSVN\bin;D:\Program Files\Git\cmd;D:\Program Files\Java\jdk1.6.0_45\bin;D:\Program Files\Java\jdk1.6.0_45\jre\bin;D:\Program Files\SlikSvn\bin;D:\Program Files\nodejs\;C:\ProgramData\Oracle\Java\javapath;C:\Program Files (x86)\Intel\iCLS Client\;C:\Program Files\Intel\iCLS Client\;C:\windows\system32;C:\windows;C:\windows\System32\Wbem;C:\windows\System32\WindowsPowerShell\v1.0\;C:\Program Files (x86)\AMD\ATI.ACE\Core-Static;C:\Program Files\Intel\WiFi\bin\;C:\Program Files\Common Files\Intel\WirelessCommon\;C:\Program Files (x86)\Intel\Intel(R) Management Engine Components\DAL;C:\Program Files\Intel\Intel(R) Management Engine Components\DAL;C:\Program Files (x86)\Intel\Intel(R) Management Engine Components\IPT;C:\Program Files\Intel\Intel(R) Management Engine Components\IPT;C:\Program Files\TortoiseSVN\bin;D:\Program Files\Git\cmd;D:\Program Files\Java\jdk1.6.0_45\bin;D:\Program Files\Java\jdk1.6.0_45\jre\bin;D:\Program Files\SlikSvn\bin;D:\Program Files\nodejs\;D:\Program Files\Python\Python36-32\Scripts\;D:\Program Files\Python\Python36-32\;C:\Users\leixulong5\AppData\Roaming\npm;D:\Program Files\apache-maven-3.2.5\bin;.]
2019-02-25 16:36:39.364  INFO 11660 --- [main] o.a.c.c.C.[Tomcat].[localhost].[/]       : Initializing Spring embedded WebApplicationContext
2019-02-25 16:36:39.365  INFO 11660 --- [main] o.s.web.context.ContextLoader            : Root WebApplicationContext: initialization completed in 2466 ms
2019-02-25 16:36:39.792  INFO 11660 --- [main] o.s.s.concurrent.ThreadPoolTaskExecutor  : Initializing ExecutorService 'applicationTaskExecutor'
2019-02-25 16:36:40.032  INFO 11660 --- [main] o.s.b.a.w.s.WelcomePageHandlerMapping    : Adding welcome page: class path resource [static/index.html]
2019-02-25 16:36:40.234  INFO 11660 --- [main] o.s.b.w.embedded.tomcat.TomcatWebServer  : Tomcat started on port(s): 8888 (http) with context path ''
2019-02-25 16:36:40.242  INFO 11660 --- [main] com.lxl.spring.demo.DemoApplication      : Started DemoApplication in 4.631 seconds (JVM running for 7.077)
2019-02-25 16:37:00.066  INFO 11660 --- [http-nio-8888-exec-1] o.a.c.c.C.[Tomcat].[localhost].[/]       : Initializing Spring DispatcherServlet 'dispatcherServlet'
2019-02-25 16:37:00.067  INFO 11660 --- [http-nio-8888-exec-1] o.s.web.servlet.DispatcherServlet        : Initializing Servlet 'dispatcherServlet'
2019-02-25 16:37:00.080  INFO 11660 --- [http-nio-8888-exec-1] o.s.web.servlet.DispatcherServlet        : Completed initialization in 13 ms
2019-02-25 16:44:26.979  INFO 8784 --- [main] com.lxl.spring.demo.DemoApplication      : Starting DemoApplication on JRA17B9D65F070 with PID 8784 (D:\StudyWorkPlace\spring-boot-demon\target\classes started by leixulong5 in D:\StudyWorkPlace\spring-boot-demon)
2019-02-25 16:44:26.988  INFO 8784 --- [main] com.lxl.spring.demo.DemoApplication      : No active profile set, falling back to default profiles: default
2019-02-25 16:44:29.198  INFO 8784 --- [main] o.s.b.w.embedded.tomcat.TomcatWebServer  : Tomcat initialized with port(s): 8888 (http)
2019-02-25 16:44:29.276  INFO 8784 --- [main] o.apache.catalina.core.StandardService   : Starting service [Tomcat]
2019-02-25 16:44:29.277  INFO 8784 --- [main] org.apache.catalina.core.StandardEngine  : Starting Servlet engine: [Apache Tomcat/9.0.16]
2019-02-25 16:44:29.292  INFO 8784 --- [main] o.a.catalina.core.AprLifecycleListener   : The APR based Apache Tomcat Native library which allows optimal performance in production environments was not found on the java.library.path: [D:\Program Files\Java\jdk1.8.0_161\bin;C:\windows\Sun\Java\bin;C:\windows\system32;C:\windows;C:\Program Files (x86)\NetSarang\Xshell 6\;C:\ProgramData\Oracle\Java\javapath;C:\Program Files (x86)\Intel\iCLS Client\;C:\Program Files\Intel\iCLS Client\;C:\windows\system32;C:\windows;C:\windows\System32\Wbem;C:\windows\System32\WindowsPowerShell\v1.0\;C:\Program Files (x86)\AMD\ATI.ACE\Core-Static;C:\Program Files\Intel\WiFi\bin\;C:\Program Files\Common Files\Intel\WirelessCommon\;C:\Program Files (x86)\Intel\Intel(R) Management Engine Components\DAL;C:\Program Files\Intel\Intel(R) Management Engine Components\DAL;C:\Program Files (x86)\Intel\Intel(R) Management Engine Components\IPT;C:\Program Files\Intel\Intel(R) Management Engine Components\IPT;C:\Program Files\TortoiseSVN\bin;D:\Program Files\Git\cmd;D:\Program Files\Java\jdk1.6.0_45\bin;D:\Program Files\Java\jdk1.6.0_45\jre\bin;D:\Program Files\SlikSvn\bin;D:\Program Files\nodejs\;C:\ProgramData\Oracle\Java\javapath;C:\Program Files (x86)\Intel\iCLS Client\;C:\Program Files\Intel\iCLS Client\;C:\windows\system32;C:\windows;C:\windows\System32\Wbem;C:\windows\System32\WindowsPowerShell\v1.0\;C:\Program Files (x86)\AMD\ATI.ACE\Core-Static;C:\Program Files\Intel\WiFi\bin\;C:\Program Files\Common Files\Intel\WirelessCommon\;C:\Program Files (x86)\Intel\Intel(R) Management Engine Components\DAL;C:\Program Files\Intel\Intel(R) Management Engine Components\DAL;C:\Program Files (x86)\Intel\Intel(R) Management Engine Components\IPT;C:\Program Files\Intel\Intel(R) Management Engine Components\IPT;C:\Program Files\TortoiseSVN\bin;D:\Program Files\Git\cmd;D:\Program Files\Java\jdk1.6.0_45\bin;D:\Program Files\Java\jdk1.6.0_45\jre\bin;D:\Program Files\SlikSvn\bin;D:\Program Files\nodejs\;D:\Program Files\Python\Python36-32\Scripts\;D:\Program Files\Python\Python36-32\;C:\Users\leixulong5\AppData\Roaming\npm;D:\Program Files\apache-maven-3.2.5\bin;.]
2019-02-25 16:44:29.527  INFO 8784 --- [main] o.a.c.c.C.[Tomcat].[localhost].[/]       : Initializing Spring embedded WebApplicationContext
2019-02-25 16:44:29.527  INFO 8784 --- [main] o.s.web.context.ContextLoader            : Root WebApplicationContext: initialization completed in 2433 ms
2019-02-25 16:44:30.016  INFO 8784 --- [main] o.s.s.concurrent.ThreadPoolTaskExecutor  : Initializing ExecutorService 'applicationTaskExecutor'
2019-02-25 16:44:30.403  INFO 8784 --- [main] o.s.b.w.embedded.tomcat.TomcatWebServer  : Tomcat started on port(s): 8888 (http) with context path ''
2019-02-25 16:44:30.411  INFO 8784 --- [main] com.lxl.spring.demo.DemoApplication      : Started DemoApplication in 4.966 seconds (JVM running for 7.025)
2019-02-25 16:45:21.457  INFO 8784 --- [http-nio-8888-exec-1] o.a.c.c.C.[Tomcat].[localhost].[/]       : Initializing Spring DispatcherServlet 'dispatcherServlet'
2019-02-25 16:45:21.458  INFO 8784 --- [http-nio-8888-exec-1] o.s.web.servlet.DispatcherServlet        : Initializing Servlet 'dispatcherServlet'
2019-02-25 16:45:21.474  INFO 8784 --- [http-nio-8888-exec-1] o.s.web.servlet.DispatcherServlet        : Completed initialization in 16 ms
2019-02-25 16:47:52.261  INFO 12956 --- [main] com.lxl.spring.demo.DemoApplication      : Starting DemoApplication on JRA17B9D65F070 with PID 12956 (D:\StudyWorkPlace\spring-boot-demon\target\classes started by leixulong5 in D:\StudyWorkPlace\spring-boot-demon)
2019-02-25 16:47:52.267  INFO 12956 --- [main] com.lxl.spring.demo.DemoApplication      : No active profile set, falling back to default profiles: default
2019-02-25 16:47:54.551  INFO 12956 --- [main] o.s.b.w.embedded.tomcat.TomcatWebServer  : Tomcat initialized with port(s): 8888 (http)
2019-02-25 16:47:54.598  INFO 12956 --- [main] o.apache.catalina.core.StandardService   : Starting service [Tomcat]
2019-02-25 16:47:54.598  INFO 12956 --- [main] org.apache.catalina.core.StandardEngine  : Starting Servlet engine: [Apache Tomcat/9.0.16]
2019-02-25 16:47:54.613  INFO 12956 --- [main] o.a.catalina.core.AprLifecycleListener   : The APR based Apache Tomcat Native library which allows optimal performance in production environments was not found on the java.library.path: [D:\Program Files\Java\jdk1.8.0_161\bin;C:\windows\Sun\Java\bin;C:\windows\system32;C:\windows;C:\Program Files (x86)\NetSarang\Xshell 6\;C:\ProgramData\Oracle\Java\javapath;C:\Program Files (x86)\Intel\iCLS Client\;C:\Program Files\Intel\iCLS Client\;C:\windows\system32;C:\windows;C:\windows\System32\Wbem;C:\windows\System32\WindowsPowerShell\v1.0\;C:\Program Files (x86)\AMD\ATI.ACE\Core-Static;C:\Program Files\Intel\WiFi\bin\;C:\Program Files\Common Files\Intel\WirelessCommon\;C:\Program Files (x86)\Intel\Intel(R) Management Engine Components\DAL;C:\Program Files\Intel\Intel(R) Management Engine Components\DAL;C:\Program Files (x86)\Intel\Intel(R) Management Engine Components\IPT;C:\Program Files\Intel\Intel(R) Management Engine Components\IPT;C:\Program Files\TortoiseSVN\bin;D:\Program Files\Git\cmd;D:\Program Files\Java\jdk1.6.0_45\bin;D:\Program Files\Java\jdk1.6.0_45\jre\bin;D:\Program Files\SlikSvn\bin;D:\Program Files\nodejs\;C:\ProgramData\Oracle\Java\javapath;C:\Program Files (x86)\Intel\iCLS Client\;C:\Program Files\Intel\iCLS Client\;C:\windows\system32;C:\windows;C:\windows\System32\Wbem;C:\windows\System32\WindowsPowerShell\v1.0\;C:\Program Files (x86)\AMD\ATI.ACE\Core-Static;C:\Program Files\Intel\WiFi\bin\;C:\Program Files\Common Files\Intel\WirelessCommon\;C:\Program Files (x86)\Intel\Intel(R) Management Engine Components\DAL;C:\Program Files\Intel\Intel(R) Management Engine Components\DAL;C:\Program Files (x86)\Intel\Intel(R) Management Engine Components\IPT;C:\Program Files\Intel\Intel(R) Management Engine Components\IPT;C:\Program Files\TortoiseSVN\bin;D:\Program Files\Git\cmd;D:\Program Files\Java\jdk1.6.0_45\bin;D:\Program Files\Java\jdk1.6.0_45\jre\bin;D:\Program Files\SlikSvn\bin;D:\Program Files\nodejs\;D:\Program Files\Python\Python36-32\Scripts\;D:\Program Files\Python\Python36-32\;C:\Users\leixulong5\AppData\Roaming\npm;D:\Program Files\apache-maven-3.2.5\bin;.]
2019-02-25 16:47:54.796  INFO 12956 --- [main] o.a.c.c.C.[Tomcat].[localhost].[/]       : Initializing Spring embedded WebApplicationContext
2019-02-25 16:47:54.796  INFO 12956 --- [main] o.s.web.context.ContextLoader            : Root WebApplicationContext: initialization completed in 2384 ms
2019-02-25 16:47:55.261  INFO 12956 --- [main] o.s.s.concurrent.ThreadPoolTaskExecutor  : Initializing ExecutorService 'applicationTaskExecutor'
2019-02-25 16:47:55.668  INFO 12956 --- [main] o.s.b.w.embedded.tomcat.TomcatWebServer  : Tomcat started on port(s): 8888 (http) with context path ''
2019-02-25 16:47:55.675  INFO 12956 --- [main] com.lxl.spring.demo.DemoApplication      : Started DemoApplication in 4.579 seconds (JVM running for 7.303)
2019-02-25 16:48:10.486  INFO 12956 --- [http-nio-8888-exec-1] o.a.c.c.C.[Tomcat].[localhost].[/]       : Initializing Spring DispatcherServlet 'dispatcherServlet'
2019-02-25 16:48:10.487  INFO 12956 --- [http-nio-8888-exec-1] o.s.web.servlet.DispatcherServlet        : Initializing Servlet 'dispatcherServlet'
2019-02-25 16:48:10.502  INFO 12956 --- [http-nio-8888-exec-1] o.s.web.servlet.DispatcherServlet        : Completed initialization in 13 ms
